<?xml version="1.0" encoding="UTF-8"?>
<testng-results ignored="0" total="2" passed="2" failed="0" skipped="0">
  <reporter-output>
  </reporter-output>
  <suite started-at="2021-11-30T13:43:07 JST" name="book-flight-module" finished-at="2021-11-30T13:43:24 JST" duration-ms="17447">
    <groups>
    </groups>
    <test started-at="2021-11-30T13:43:07 JST" name="search-module-java" finished-at="2021-11-30T13:43:14 JST" duration-ms="6600">
      <class name="com.searchmodule.tests.SearchTest">
        <test-method is-config="true" signature="setupDriver()[pri:0, instance:com.searchmodule.tests.SearchTest@25641d39]" started-at="2021-11-30T13:43:07 JST" name="setupDriver" finished-at="2021-11-30T13:43:10 JST" duration-ms="2544" status="PASS">
          <reporter-output>
          </reporter-output>
        </test-method> <!-- setupDriver -->
        <test-method signature="search(java.lang.String)[pri:0, instance:com.searchmodule.tests.SearchTest@25641d39]" started-at="2021-11-30T13:43:10 JST" name="search" finished-at="2021-11-30T13:43:13 JST" duration-ms="3929" status="PASS">
          <params>
            <param index="0">
              <value>
                <![CDATA[java]]>
              </value>
            </param>
          </params>
          <reporter-output>
          </reporter-output>
        </test-method> <!-- search -->
        <test-method is-config="true" signature="quiteDriver()[pri:0, instance:com.searchmodule.tests.SearchTest@25641d39]" started-at="2021-11-30T13:43:13 JST" name="quiteDriver" finished-at="2021-11-30T13:43:14 JST" duration-ms="97" status="PASS">
          <reporter-output>
          </reporter-output>
        </test-method> <!-- quiteDriver -->
      </class> <!-- com.searchmodule.tests.SearchTest -->
    </test> <!-- search-module-java -->
    <test started-at="2021-11-30T13:43:07 JST" name="search-module-qa" finished-at="2021-11-30T13:43:24 JST" duration-ms="17447">
      <class name="com.searchmodule.tests.SearchTest">
        <test-method is-config="true" signature="setupDriver()[pri:0, instance:com.searchmodule.tests.SearchTest@74ea2410]" started-at="2021-11-30T13:43:07 JST" name="setupDriver" finished-at="2021-11-30T13:43:19 JST" duration-ms="11660" status="PASS">
          <reporter-output>
          </reporter-output>
        </test-method> <!-- setupDriver -->
        <test-method signature="search(java.lang.String)[pri:0, instance:com.searchmodule.tests.SearchTest@74ea2410]" started-at="2021-11-30T13:43:19 JST" name="search" finished-at="2021-11-30T13:43:24 JST" duration-ms="5644" status="PASS">
          <params>
            <param index="0">
              <value>
                <![CDATA[qa]]>
              </value>
            </param>
          </params>
          <reporter-output>
          </reporter-output>
        </test-method> <!-- search -->
        <test-method is-config="true" signature="quiteDriver()[pri:0, instance:com.searchmodule.tests.SearchTest@74ea2410]" started-at="2021-11-30T13:43:24 JST" name="quiteDriver" finished-at="2021-11-30T13:43:24 JST" duration-ms="135" status="PASS">
          <reporter-output>
          </reporter-output>
        </test-method> <!-- quiteDriver -->
      </class> <!-- com.searchmodule.tests.SearchTest -->
    </test> <!-- search-module-qa -->
  </suite> <!-- book-flight-module -->
</testng-results>
