<?xml version="1.0" encoding="UTF-8"?>
<!-- Generated by org.testng.reporters.JUnitXMLReporter -->
<testsuite ignored="0" hostname="DESKTOP-1QER1PA" failures="0" tests="5" name="book-flight-3" time="0.018" errors="0" timestamp="2021-11-30T13:36:44 JST">
  <testcase classname="tests.BaseTest" name="@BeforeTest setupDriver" time="0.003">
    <failure type="java.lang.NoClassDefFoundError" message="org/openqa/selenium/internal/Require">
      <![CDATA[java.lang.NoClassDefFoundError: org/openqa/selenium/internal/Require
at org.openqa.selenium.json.NumberCoercer.<init>(NumberCoercer.java:49)
at org.openqa.selenium.json.JsonTypeCoercer.<init>(JsonTypeCoercer.java:71)
at org.openqa.selenium.json.JsonTypeCoercer.<init>(JsonTypeCoercer.java:53)
at org.openqa.selenium.json.Json.<init>(Json.java:37)
at org.openqa.selenium.remote.NewSessionPayload.create(NewSessionPayload.java:100)
at org.openqa.selenium.remote.NewSessionPayload.create(NewSessionPayload.java:94)
at org.openqa.selenium.remote.ProtocolHandshake.createSession(ProtocolHandshake.java:68)
at org.openqa.selenium.remote.HttpCommandExecutor.execute(HttpCommandExecutor.java:136)
at org.openqa.selenium.remote.RemoteWebDriver.execute(RemoteWebDriver.java:552)
at org.openqa.selenium.remote.RemoteWebDriver.startSession(RemoteWebDriver.java:213)
at org.openqa.selenium.remote.RemoteWebDriver.<init>(RemoteWebDriver.java:131)
at org.openqa.selenium.remote.RemoteWebDriver.<init>(RemoteWebDriver.java:144)
at tests.BaseTest.setupDriver(BaseTest.java:28)
... Removed 24 stack frames]]>
    </failure>
  </testcase> <!-- @BeforeTest setupDriver -->
  <testcase classname="com.newtours.tests.BookFlightTest" name="@BeforeTest setupParameters" time="-1.638247004245E9">
    <skipped/>
  </testcase> <!-- @BeforeTest setupParameters -->
  <testcase classname="tests.BaseTest" name="@AfterTest quiteDriver" time="-1.638247004257E9">
    <skipped/>
  </testcase> <!-- @AfterTest quiteDriver -->
  <testcase classname="com.newtours.tests.BookFlightTest" name="registrationPage" time="0.0">
    <skipped/>
  </testcase> <!-- registrationPage -->
  <testcase classname="com.newtours.tests.BookFlightTest" name="registrationConfirmationPage" time="0.0">
    <skipped/>
  </testcase> <!-- registrationConfirmationPage -->
  <testcase classname="com.newtours.tests.BookFlightTest" name="flightDetailsPage" time="0.0">
    <skipped/>
  </testcase> <!-- flightDetailsPage -->
  <testcase classname="com.newtours.tests.BookFlightTest" name="findFlightPage" time="0.0">
    <skipped/>
  </testcase> <!-- findFlightPage -->
  <testcase classname="com.newtours.tests.BookFlightTest" name="flightConfirmationPage" time="0.0">
    <skipped/>
  </testcase> <!-- flightConfirmationPage -->
</testsuite> <!-- book-flight-3 -->
